<?xml version="1.0" encoding="UTF-8"?>
<testsuite name="com.mindex.challenge.service.impl.CompensationServiceImplTest" tests="1" skipped="0" failures="0" errors="0" timestamp="2022-01-09T00:50:55" hostname="LAPTOP-N1LMACKA" time="0.323">
  <properties/>
  <testcase name="testCreateRead" classname="com.mindex.challenge.service.impl.CompensationServiceImplTest" time="0.323"/>
  <system-out><![CDATA[2022-01-08 19:50:53.324  INFO 23408 --- [    Test worker] .b.t.c.SpringBootTestContextBootstrapper : Neither @ContextConfiguration nor @ContextHierarchy found for test class [com.mindex.challenge.service.impl.CompensationServiceImplTest], using SpringBootContextLoader
2022-01-08 19:50:53.327  INFO 23408 --- [    Test worker] o.s.t.c.support.AbstractContextLoader    : Could not detect default resource locations for test class [com.mindex.challenge.service.impl.CompensationServiceImplTest]: no resource found for suffixes {-context.xml, Context.groovy}.
2022-01-08 19:50:53.327  INFO 23408 --- [    Test worker] t.c.s.AnnotationConfigContextLoaderUtils : Could not detect default configuration classes for test class [com.mindex.challenge.service.impl.CompensationServiceImplTest]: CompensationServiceImplTest does not declare any static, non-private, non-final, nested classes annotated with @Configuration.
2022-01-08 19:50:53.347  INFO 23408 --- [    Test worker] .b.t.c.SpringBootTestContextBootstrapper : Found @SpringBootConfiguration com.mindex.challenge.ChallengeApplication for test class com.mindex.challenge.service.impl.CompensationServiceImplTest
2022-01-08 19:50:53.349  INFO 23408 --- [    Test worker] .b.t.c.SpringBootTestContextBootstrapper : Loaded default TestExecutionListener class names from location [META-INF/spring.factories]: [org.springframework.boot.test.autoconfigure.restdocs.RestDocsTestExecutionListener, org.springframework.boot.test.autoconfigure.web.client.MockRestServiceServerResetTestExecutionListener, org.springframework.boot.test.autoconfigure.web.servlet.MockMvcPrintOnlyOnFailureTestExecutionListener, org.springframework.boot.test.autoconfigure.web.servlet.WebDriverTestExecutionListener, org.springframework.boot.test.mock.mockito.MockitoTestExecutionListener, org.springframework.boot.test.mock.mockito.ResetMocksTestExecutionListener, org.springframework.test.context.web.ServletTestExecutionListener, org.springframework.test.context.support.DirtiesContextBeforeModesTestExecutionListener, org.springframework.test.context.support.DependencyInjectionTestExecutionListener, org.springframework.test.context.support.DirtiesContextTestExecutionListener, org.springframework.test.context.transaction.TransactionalTestExecutionListener, org.springframework.test.context.jdbc.SqlScriptsTestExecutionListener, org.springframework.test.context.event.EventPublishingTestExecutionListener]
2022-01-08 19:50:53.350  INFO 23408 --- [    Test worker] .b.t.c.SpringBootTestContextBootstrapper : Using TestExecutionListeners: [org.springframework.test.context.web.ServletTestExecutionListener@55259b44, org.springframework.test.context.support.DirtiesContextBeforeModesTestExecutionListener@5c6438d5, org.springframework.boot.test.mock.mockito.MockitoTestExecutionListener@5b03ce90, org.springframework.boot.test.autoconfigure.SpringBootDependencyInjectionTestExecutionListener@494c141f, org.springframework.test.context.support.DirtiesContextTestExecutionListener@30ca59c9, org.springframework.test.context.transaction.TransactionalTestExecutionListener@4d956d95, org.springframework.test.context.jdbc.SqlScriptsTestExecutionListener@8274df9, org.springframework.test.context.event.EventPublishingTestExecutionListener@21e24c0e, org.springframework.boot.test.autoconfigure.restdocs.RestDocsTestExecutionListener@43845dea, org.springframework.boot.test.autoconfigure.web.client.MockRestServiceServerResetTestExecutionListener@251b69ca, org.springframework.boot.test.autoconfigure.web.servlet.MockMvcPrintOnlyOnFailureTestExecutionListener@1761a015, org.springframework.boot.test.autoconfigure.web.servlet.WebDriverTestExecutionListener@24d01ccb, org.springframework.boot.test.mock.mockito.ResetMocksTestExecutionListener@45da7eb6]

  .   ____          _            __ _ _
 /\\ / ___'_ __ _ _(_)_ __  __ _ \ \ \ \
( ( )\___ | '_ | '_| | '_ \/ _` | \ \ \ \
 \\/  ___)| |_)| | | | | || (_| |  ) ) ) )
  '  |____| .__|_| |_|_| |_\__, | / / / /
 =========|_|==============|___/=/_/_/_/
 :: Spring Boot ::        (v2.2.0.RELEASE)

2022-01-08 19:50:53.400  INFO 23408 --- [    Test worker] c.m.c.s.i.CompensationServiceImplTest    : Starting CompensationServiceImplTest on LAPTOP-N1LMACKA with PID 23408 (started by chira in C:\Users\chira\Desktop\Projects\Mindex\Mindex Code Challenge Final\mindex-java-code-challenge\mindex-java-code-challenge)
2022-01-08 19:50:53.400 DEBUG 23408 --- [    Test worker] c.m.c.s.i.CompensationServiceImplTest    : Running with Spring Boot v2.2.0.RELEASE, Spring v5.2.0.RELEASE
2022-01-08 19:50:53.400  INFO 23408 --- [    Test worker] c.m.c.s.i.CompensationServiceImplTest    : No active profile set, falling back to default profiles: default
2022-01-08 19:50:53.647  INFO 23408 --- [    Test worker] .s.d.r.c.RepositoryConfigurationDelegate : Bootstrapping Spring Data repositories in DEFAULT mode.
2022-01-08 19:50:53.657  INFO 23408 --- [    Test worker] .s.d.r.c.RepositoryConfigurationDelegate : Finished Spring Data repository scanning in 10ms. Found 2 repository interfaces.
2022-01-08 19:50:54.049  INFO 23408 --- [    Test worker] o.s.b.w.embedded.tomcat.TomcatWebServer  : Tomcat initialized with port(s): 0 (http)
2022-01-08 19:50:54.062  INFO 23408 --- [    Test worker] o.apache.catalina.core.StandardService   : Starting service [Tomcat]
2022-01-08 19:50:54.062  INFO 23408 --- [    Test worker] org.apache.catalina.core.StandardEngine  : Starting Servlet engine: [Apache Tomcat/9.0.27]
2022-01-08 19:50:54.213  INFO 23408 --- [    Test worker] o.a.c.c.C.[Tomcat].[localhost].[/]       : Initializing Spring embedded WebApplicationContext
2022-01-08 19:50:54.213  INFO 23408 --- [    Test worker] o.s.web.context.ContextLoader            : Root WebApplicationContext: initialization completed in 806 ms
2022-01-08 19:50:54.420  INFO 23408 --- [    Test worker] de.bwaldvogel.mongo.MongoServer          : started MongoServer(port: 55344, ssl: false)
2022-01-08 19:50:54.423  INFO 23408 --- [    Test worker] org.mongodb.driver.cluster               : Cluster created with settings {hosts=[127.0.0.1:55344], mode=SINGLE, requiredClusterType=UNKNOWN, serverSelectionTimeout='30000 ms', maxWaitQueueSize=500}
2022-01-08 19:50:54.427  INFO 23408 --- [-server-worker1] d.b.mongo.wire.MongoWireProtocolHandler  : client [id: 0xfdc82029, L:/127.0.0.1:55344 - R:/127.0.0.1:55345] connected
2022-01-08 19:50:54.435  WARN 23408 --- [    Test worker] o.s.data.convert.CustomConversions       : Registering converter from class java.time.LocalDateTime to class java.time.Instant as reading converter although it doesn't convert from a store-supported type! You might wanna check you annotation setup at the converter implementation.
2022-01-08 19:50:54.436  WARN 23408 --- [    Test worker] o.s.data.convert.CustomConversions       : Registering converter from class java.time.Instant to class java.time.LocalDateTime as reading converter although it doesn't convert from a store-supported type! You might wanna check you annotation setup at the converter implementation.
2022-01-08 19:50:54.438  WARN 23408 --- [    Test worker] o.s.data.convert.CustomConversions       : Registering converter from class java.time.LocalDateTime to class java.time.Instant as reading converter although it doesn't convert from a store-supported type! You might wanna check you annotation setup at the converter implementation.
2022-01-08 19:50:54.438  INFO 23408 --- [127.0.0.1:55344] org.mongodb.driver.connection            : Opened connection [connectionId{localValue:3}] to 127.0.0.1:55344
2022-01-08 19:50:54.438  WARN 23408 --- [    Test worker] o.s.data.convert.CustomConversions       : Registering converter from class java.time.Instant to class java.time.LocalDateTime as reading converter although it doesn't convert from a store-supported type! You might wanna check you annotation setup at the converter implementation.
2022-01-08 19:50:54.440  INFO 23408 --- [127.0.0.1:55344] org.mongodb.driver.cluster               : Monitor thread successfully connected to server with description ServerDescription{address=127.0.0.1:55344, type=STANDALONE, state=CONNECTED, ok=true, version=ServerVersion{versionList=[3, 0, 0]}, minWireVersion=0, maxWireVersion=2, maxDocumentSize=16777216, logicalSessionTimeoutMinutes=null, roundTripTimeNanos=1546800}
2022-01-08 19:50:54.536  INFO 23408 --- [-server-worker2] d.b.mongo.wire.MongoWireProtocolHandler  : client [id: 0x867e4741, L:/127.0.0.1:55344 - R:/127.0.0.1:55346] connected
2022-01-08 19:50:54.553  INFO 23408 --- [    Test worker] org.mongodb.driver.connection            : Opened connection [connectionId{localValue:4}] to 127.0.0.1:55344
2022-01-08 19:50:54.555  INFO 23408 --- [-server-worker2] d.b.mongo.backend.AbstractMongoBackend   : created database test
2022-01-08 19:50:54.555  INFO 23408 --- [-server-worker2] d.b.mongo.backend.AbstractMongoDatabase  : adding unique _id index for collection employee
2022-01-08 19:50:54.556  INFO 23408 --- [-server-worker2] d.b.mongo.backend.AbstractMongoDatabase  : created collection test.employee
2022-01-08 19:50:54.769  INFO 23408 --- [    Test worker] o.s.s.concurrent.ThreadPoolTaskExecutor  : Initializing ExecutorService 'applicationTaskExecutor'
2022-01-08 19:50:54.934  WARN 23408 --- [    Test worker] o.s.data.convert.CustomConversions       : Registering converter from class java.time.LocalDateTime to class java.time.Instant as reading converter although it doesn't convert from a store-supported type! You might wanna check you annotation setup at the converter implementation.
2022-01-08 19:50:54.934  WARN 23408 --- [    Test worker] o.s.data.convert.CustomConversions       : Registering converter from class java.time.Instant to class java.time.LocalDateTime as reading converter although it doesn't convert from a store-supported type! You might wanna check you annotation setup at the converter implementation.
2022-01-08 19:50:54.958  WARN 23408 --- [    Test worker] o.s.data.convert.CustomConversions       : Registering converter from class java.time.LocalDateTime to class java.time.Instant as reading converter although it doesn't convert from a store-supported type! You might wanna check you annotation setup at the converter implementation.
2022-01-08 19:50:54.959  WARN 23408 --- [    Test worker] o.s.data.convert.CustomConversions       : Registering converter from class java.time.Instant to class java.time.LocalDateTime as reading converter although it doesn't convert from a store-supported type! You might wanna check you annotation setup at the converter implementation.
2022-01-08 19:50:55.071  INFO 23408 --- [    Test worker] o.s.b.w.embedded.tomcat.TomcatWebServer  : Tomcat started on port(s): 55348 (http) with context path ''
2022-01-08 19:50:55.072  INFO 23408 --- [    Test worker] c.m.c.s.i.CompensationServiceImplTest    : Started CompensationServiceImplTest in 1.719 seconds (JVM running for 7.919)
2022-01-08 19:50:55.221  INFO 23408 --- [o-auto-1-exec-1] o.a.c.c.C.[Tomcat].[localhost].[/]       : Initializing Spring DispatcherServlet 'dispatcherServlet'
2022-01-08 19:50:55.221  INFO 23408 --- [o-auto-1-exec-1] o.s.web.servlet.DispatcherServlet        : Initializing Servlet 'dispatcherServlet'
2022-01-08 19:50:55.250  INFO 23408 --- [o-auto-1-exec-1] o.s.web.servlet.DispatcherServlet        : Completed initialization in 28 ms
2022-01-08 19:50:55.297 DEBUG 23408 --- [o-auto-1-exec-1] c.m.c.controller.EmployeeController      : Received employee create request for [com.mindex.challenge.data.Employee@2c71f63d]
2022-01-08 19:50:55.297 DEBUG 23408 --- [o-auto-1-exec-1] c.m.c.service.impl.EmployeeServiceImpl   : Creating employee [com.mindex.challenge.data.Employee@2c71f63d]
2022-01-08 19:50:55.351 DEBUG 23408 --- [o-auto-1-exec-2] c.m.c.controller.CompensationController  : Received compensation create request for [Compensation{employee=com.mindex.challenge.data.Employee@c9c189, salary=100000.0, effectiveDate=2022-01-08}]
2022-01-08 19:50:55.352 DEBUG 23408 --- [o-auto-1-exec-2] c.m.c.s.impl.CompensationServiceImpl     : Creating compensation [Compensation{employee=com.mindex.challenge.data.Employee@c9c189, salary=100000.0, effectiveDate=2022-01-08}]
2022-01-08 19:50:55.352 DEBUG 23408 --- [o-auto-1-exec-2] c.m.c.service.impl.EmployeeServiceImpl   : Creating employee with id [81ef993a-85f1-46ee-81c7-a9bf0ff671ca]
2022-01-08 19:50:55.368  INFO 23408 --- [-server-worker2] d.b.mongo.backend.AbstractMongoDatabase  : adding unique _id index for collection compensation
2022-01-08 19:50:55.368  INFO 23408 --- [-server-worker2] d.b.mongo.backend.AbstractMongoDatabase  : created collection test.compensation
2022-01-08 19:50:55.381 DEBUG 23408 --- [o-auto-1-exec-3] c.m.c.controller.CompensationController  : Received compensation read request for id [81ef993a-85f1-46ee-81c7-a9bf0ff671ca]
2022-01-08 19:50:55.381 DEBUG 23408 --- [o-auto-1-exec-3] c.m.c.s.impl.CompensationServiceImpl     : Reading employee with id [81ef993a-85f1-46ee-81c7-a9bf0ff671ca]
]]></system-out>
  <system-err><![CDATA[]]></system-err>
</testsuite>
