<?xml version="1.0" encoding="UTF-8"?>
<testsuite name="com.mindex.challenge.DataBootstrapTest" tests="1" skipped="0" failures="0" errors="0" timestamp="2022-01-09T00:50:53" hostname="LAPTOP-N1LMACKA" time="0.076">
  <properties/>
  <testcase name="test" classname="com.mindex.challenge.DataBootstrapTest" time="0.076"/>
  <system-out><![CDATA[2022-01-08 19:50:53.226  INFO 23408 --- [    Test worker] .b.t.c.SpringBootTestContextBootstrapper : Neither @ContextConfiguration nor @ContextHierarchy found for test class [com.mindex.challenge.DataBootstrapTest], using SpringBootContextLoader
2022-01-08 19:50:53.228  INFO 23408 --- [    Test worker] o.s.t.c.support.AbstractContextLoader    : Could not detect default resource locations for test class [com.mindex.challenge.DataBootstrapTest]: no resource found for suffixes {-context.xml, Context.groovy}.
2022-01-08 19:50:53.228  INFO 23408 --- [    Test worker] t.c.s.AnnotationConfigContextLoaderUtils : Could not detect default configuration classes for test class [com.mindex.challenge.DataBootstrapTest]: DataBootstrapTest does not declare any static, non-private, non-final, nested classes annotated with @Configuration.
2022-01-08 19:50:53.230  INFO 23408 --- [    Test worker] .b.t.c.SpringBootTestContextBootstrapper : Found @SpringBootConfiguration com.mindex.challenge.ChallengeApplication for test class com.mindex.challenge.DataBootstrapTest
2022-01-08 19:50:53.234  INFO 23408 --- [    Test worker] .b.t.c.SpringBootTestContextBootstrapper : Loaded default TestExecutionListener class names from location [META-INF/spring.factories]: [org.springframework.boot.test.autoconfigure.restdocs.RestDocsTestExecutionListener, org.springframework.boot.test.autoconfigure.web.client.MockRestServiceServerResetTestExecutionListener, org.springframework.boot.test.autoconfigure.web.servlet.MockMvcPrintOnlyOnFailureTestExecutionListener, org.springframework.boot.test.autoconfigure.web.servlet.WebDriverTestExecutionListener, org.springframework.boot.test.mock.mockito.MockitoTestExecutionListener, org.springframework.boot.test.mock.mockito.ResetMocksTestExecutionListener, org.springframework.test.context.web.ServletTestExecutionListener, org.springframework.test.context.support.DirtiesContextBeforeModesTestExecutionListener, org.springframework.test.context.support.DependencyInjectionTestExecutionListener, org.springframework.test.context.support.DirtiesContextTestExecutionListener, org.springframework.test.context.transaction.TransactionalTestExecutionListener, org.springframework.test.context.jdbc.SqlScriptsTestExecutionListener, org.springframework.test.context.event.EventPublishingTestExecutionListener]
2022-01-08 19:50:53.235  INFO 23408 --- [    Test worker] .b.t.c.SpringBootTestContextBootstrapper : Using TestExecutionListeners: [org.springframework.test.context.web.ServletTestExecutionListener@6bd8238b, org.springframework.test.context.support.DirtiesContextBeforeModesTestExecutionListener@656fc508, org.springframework.boot.test.mock.mockito.MockitoTestExecutionListener@6f182e89, org.springframework.boot.test.autoconfigure.SpringBootDependencyInjectionTestExecutionListener@1082ddfb, org.springframework.test.context.support.DirtiesContextTestExecutionListener@3aec701b, org.springframework.test.context.transaction.TransactionalTestExecutionListener@21b0b5cb, org.springframework.test.context.jdbc.SqlScriptsTestExecutionListener@f72bb12, org.springframework.test.context.event.EventPublishingTestExecutionListener@999c202, org.springframework.boot.test.autoconfigure.restdocs.RestDocsTestExecutionListener@50ac0782, org.springframework.boot.test.autoconfigure.web.client.MockRestServiceServerResetTestExecutionListener@7416feb1, org.springframework.boot.test.autoconfigure.web.servlet.MockMvcPrintOnlyOnFailureTestExecutionListener@6ea6610a, org.springframework.boot.test.autoconfigure.web.servlet.WebDriverTestExecutionListener@29e8270e, org.springframework.boot.test.mock.mockito.ResetMocksTestExecutionListener@1948a5a6]
]]></system-out>
  <system-err><![CDATA[]]></system-err>
</testsuite>
