<?xml version="1.0" encoding="UTF-8"?>
<testsuite name="com.mindex.challenge.service.impl.ReportingStructureServiceImplTest" tests="1" skipped="0" failures="0" errors="0" timestamp="2022-01-09T00:50:55" hostname="LAPTOP-N1LMACKA" time="0.029">
  <properties/>
  <testcase name="testCreateReportingStructure" classname="com.mindex.challenge.service.impl.ReportingStructureServiceImplTest" time="0.029"/>
  <system-out><![CDATA[2022-01-08 19:50:55.451  INFO 23408 --- [    Test worker] .b.t.c.SpringBootTestContextBootstrapper : Neither @ContextConfiguration nor @ContextHierarchy found for test class [com.mindex.challenge.service.impl.ReportingStructureServiceImplTest], using SpringBootContextLoader
2022-01-08 19:50:55.453  INFO 23408 --- [    Test worker] o.s.t.c.support.AbstractContextLoader    : Could not detect default resource locations for test class [com.mindex.challenge.service.impl.ReportingStructureServiceImplTest]: no resource found for suffixes {-context.xml, Context.groovy}.
2022-01-08 19:50:55.453  INFO 23408 --- [    Test worker] t.c.s.AnnotationConfigContextLoaderUtils : Could not detect default configuration classes for test class [com.mindex.challenge.service.impl.ReportingStructureServiceImplTest]: ReportingStructureServiceImplTest does not declare any static, non-private, non-final, nested classes annotated with @Configuration.
2022-01-08 19:50:55.454  INFO 23408 --- [    Test worker] .b.t.c.SpringBootTestContextBootstrapper : Found @SpringBootConfiguration com.mindex.challenge.ChallengeApplication for test class com.mindex.challenge.service.impl.ReportingStructureServiceImplTest
2022-01-08 19:50:55.456  INFO 23408 --- [    Test worker] .b.t.c.SpringBootTestContextBootstrapper : Loaded default TestExecutionListener class names from location [META-INF/spring.factories]: [org.springframework.boot.test.autoconfigure.restdocs.RestDocsTestExecutionListener, org.springframework.boot.test.autoconfigure.web.client.MockRestServiceServerResetTestExecutionListener, org.springframework.boot.test.autoconfigure.web.servlet.MockMvcPrintOnlyOnFailureTestExecutionListener, org.springframework.boot.test.autoconfigure.web.servlet.WebDriverTestExecutionListener, org.springframework.boot.test.mock.mockito.MockitoTestExecutionListener, org.springframework.boot.test.mock.mockito.ResetMocksTestExecutionListener, org.springframework.test.context.web.ServletTestExecutionListener, org.springframework.test.context.support.DirtiesContextBeforeModesTestExecutionListener, org.springframework.test.context.support.DependencyInjectionTestExecutionListener, org.springframework.test.context.support.DirtiesContextTestExecutionListener, org.springframework.test.context.transaction.TransactionalTestExecutionListener, org.springframework.test.context.jdbc.SqlScriptsTestExecutionListener, org.springframework.test.context.event.EventPublishingTestExecutionListener]
2022-01-08 19:50:55.456  INFO 23408 --- [    Test worker] .b.t.c.SpringBootTestContextBootstrapper : Using TestExecutionListeners: [org.springframework.test.context.web.ServletTestExecutionListener@23538484, org.springframework.test.context.support.DirtiesContextBeforeModesTestExecutionListener@5ec330ec, org.springframework.boot.test.mock.mockito.MockitoTestExecutionListener@3331df6e, org.springframework.boot.test.autoconfigure.SpringBootDependencyInjectionTestExecutionListener@3171772c, org.springframework.test.context.support.DirtiesContextTestExecutionListener@e39b222, org.springframework.test.context.transaction.TransactionalTestExecutionListener@493ab759, org.springframework.test.context.jdbc.SqlScriptsTestExecutionListener@74cdcbbf, org.springframework.test.context.event.EventPublishingTestExecutionListener@4e3f0a1d, org.springframework.boot.test.autoconfigure.restdocs.RestDocsTestExecutionListener@dd4195a, org.springframework.boot.test.autoconfigure.web.client.MockRestServiceServerResetTestExecutionListener@1148f7c6, org.springframework.boot.test.autoconfigure.web.servlet.MockMvcPrintOnlyOnFailureTestExecutionListener@b424663, org.springframework.boot.test.autoconfigure.web.servlet.WebDriverTestExecutionListener@3d1bcaf4, org.springframework.boot.test.mock.mockito.ResetMocksTestExecutionListener@10281ac4]
2022-01-08 19:50:55.468 DEBUG 23408 --- [o-auto-1-exec-7] c.m.c.c.ReportingStructureController     : Received createReportingStructure request for employeeId [16a596ae-edd3-4847-99fe-c4518e82c86f]
2022-01-08 19:50:55.468 DEBUG 23408 --- [o-auto-1-exec-7] c.m.c.s.i.ReportingStructureServiceImpl  : Creating ReportingStructure with employeeId [16a596ae-edd3-4847-99fe-c4518e82c86f]
]]></system-out>
  <system-err><![CDATA[]]></system-err>
</testsuite>
