<?xml version="1.0" encoding="UTF-8"?>
<testsuite name="com.mindex.challenge.service.impl.EmployeeServiceImplTest" tests="1" skipped="0" failures="0" errors="0" timestamp="2022-01-09T00:50:55" hostname="LAPTOP-N1LMACKA" time="0.037">
  <properties/>
  <testcase name="testCreateReadUpdate" classname="com.mindex.challenge.service.impl.EmployeeServiceImplTest" time="0.037"/>
  <system-out><![CDATA[2022-01-08 19:50:55.403  INFO 23408 --- [    Test worker] .b.t.c.SpringBootTestContextBootstrapper : Neither @ContextConfiguration nor @ContextHierarchy found for test class [com.mindex.challenge.service.impl.EmployeeServiceImplTest], using SpringBootContextLoader
2022-01-08 19:50:55.404  INFO 23408 --- [    Test worker] o.s.t.c.support.AbstractContextLoader    : Could not detect default resource locations for test class [com.mindex.challenge.service.impl.EmployeeServiceImplTest]: no resource found for suffixes {-context.xml, Context.groovy}.
2022-01-08 19:50:55.404  INFO 23408 --- [    Test worker] t.c.s.AnnotationConfigContextLoaderUtils : Could not detect default configuration classes for test class [com.mindex.challenge.service.impl.EmployeeServiceImplTest]: EmployeeServiceImplTest does not declare any static, non-private, non-final, nested classes annotated with @Configuration.
2022-01-08 19:50:55.406  INFO 23408 --- [    Test worker] .b.t.c.SpringBootTestContextBootstrapper : Found @SpringBootConfiguration com.mindex.challenge.ChallengeApplication for test class com.mindex.challenge.service.impl.EmployeeServiceImplTest
2022-01-08 19:50:55.408  INFO 23408 --- [    Test worker] .b.t.c.SpringBootTestContextBootstrapper : Loaded default TestExecutionListener class names from location [META-INF/spring.factories]: [org.springframework.boot.test.autoconfigure.restdocs.RestDocsTestExecutionListener, org.springframework.boot.test.autoconfigure.web.client.MockRestServiceServerResetTestExecutionListener, org.springframework.boot.test.autoconfigure.web.servlet.MockMvcPrintOnlyOnFailureTestExecutionListener, org.springframework.boot.test.autoconfigure.web.servlet.WebDriverTestExecutionListener, org.springframework.boot.test.mock.mockito.MockitoTestExecutionListener, org.springframework.boot.test.mock.mockito.ResetMocksTestExecutionListener, org.springframework.test.context.web.ServletTestExecutionListener, org.springframework.test.context.support.DirtiesContextBeforeModesTestExecutionListener, org.springframework.test.context.support.DependencyInjectionTestExecutionListener, org.springframework.test.context.support.DirtiesContextTestExecutionListener, org.springframework.test.context.transaction.TransactionalTestExecutionListener, org.springframework.test.context.jdbc.SqlScriptsTestExecutionListener, org.springframework.test.context.event.EventPublishingTestExecutionListener]
2022-01-08 19:50:55.408  INFO 23408 --- [    Test worker] .b.t.c.SpringBootTestContextBootstrapper : Using TestExecutionListeners: [org.springframework.test.context.web.ServletTestExecutionListener@6d8dee22, org.springframework.test.context.support.DirtiesContextBeforeModesTestExecutionListener@3e615540, org.springframework.boot.test.mock.mockito.MockitoTestExecutionListener@792bc534, org.springframework.boot.test.autoconfigure.SpringBootDependencyInjectionTestExecutionListener@26c4a57b, org.springframework.test.context.support.DirtiesContextTestExecutionListener@243ab37f, org.springframework.test.context.transaction.TransactionalTestExecutionListener@10c539ed, org.springframework.test.context.jdbc.SqlScriptsTestExecutionListener@37604ca4, org.springframework.test.context.event.EventPublishingTestExecutionListener@340cd84e, org.springframework.boot.test.autoconfigure.restdocs.RestDocsTestExecutionListener@45dc24fb, org.springframework.boot.test.autoconfigure.web.client.MockRestServiceServerResetTestExecutionListener@7c6f67fc, org.springframework.boot.test.autoconfigure.web.servlet.MockMvcPrintOnlyOnFailureTestExecutionListener@495f01b9, org.springframework.boot.test.autoconfigure.web.servlet.WebDriverTestExecutionListener@1b436e74, org.springframework.boot.test.mock.mockito.ResetMocksTestExecutionListener@3f9c7a1b]
2022-01-08 19:50:55.421 DEBUG 23408 --- [o-auto-1-exec-4] c.m.c.controller.EmployeeController      : Received employee create request for [com.mindex.challenge.data.Employee@40fdd999]
2022-01-08 19:50:55.421 DEBUG 23408 --- [o-auto-1-exec-4] c.m.c.service.impl.EmployeeServiceImpl   : Creating employee [com.mindex.challenge.data.Employee@40fdd999]
2022-01-08 19:50:55.431 DEBUG 23408 --- [o-auto-1-exec-5] c.m.c.controller.EmployeeController      : Received employee create request for id [a9db48d6-442b-499a-9fd7-db80d4526445]
2022-01-08 19:50:55.431 DEBUG 23408 --- [o-auto-1-exec-5] c.m.c.service.impl.EmployeeServiceImpl   : Creating employee with id [a9db48d6-442b-499a-9fd7-db80d4526445]
2022-01-08 19:50:55.442 DEBUG 23408 --- [o-auto-1-exec-6] c.m.c.controller.EmployeeController      : Received employee create request for id [a9db48d6-442b-499a-9fd7-db80d4526445] and employee [com.mindex.challenge.data.Employee@6fb8f260]
2022-01-08 19:50:55.442 DEBUG 23408 --- [o-auto-1-exec-6] c.m.c.service.impl.EmployeeServiceImpl   : Updating employee [com.mindex.challenge.data.Employee@6fb8f260]
]]></system-out>
  <system-err><![CDATA[]]></system-err>
</testsuite>
